[GIN] 2020/02/04 - 17:55:25 | 200 |  3.336424056s |             ::1 | POST     /v1/createtask
[GIN] 2020/02/04 - 17:55:25 | 200 |    1.272283ms |             ::1 | GET      /v1/comparegoal
[GIN] 2020/02/04 - 17:55:25 | 200 |  383.411116ms |             ::1 | GET      /v1/reviewfortimes?days=1
[GIN] 2020/02/04 - 17:55:38 | 200 |  2.203449027s |             ::1 | POST     /v1/createtask
[GIN] 2020/02/04 - 17:55:38 | 200 |     945.827µs |             ::1 | GET      /v1/comparegoal
[GIN] 2020/02/04 - 17:55:38 | 200 |  373.735475ms |             ::1 | GET      /v1/reviewfortimes?days=1
[GIN] 2020/02/04 - 17:55:58 | 200 |  8.646920814s |             ::1 | POST     /v1/createtask
[GIN] 2020/02/04 - 17:55:58 | 200 |      855.08µs |             ::1 | GET      /v1/comparegoal
[GIN] 2020/02/04 - 17:55:59 | 200 |  362.993455ms |             ::1 | GET      /v1/reviewfortimes?days=1
[GIN] 2020/02/04 - 17:58:04 | 200 |   13.350267ms |             ::1 | GET      /v1/review?reviewtype=goals
[GIN] 2020/02/04 - 17:58:05 | 200 |  138.890422ms |             ::1 | GET      /v1/goalsgraph
[GIN] 2020/02/04 - 17:58:11 | 404 |       1.876µs |             ::1 | GET      /v1/echarts.js.map
[GIN] 2020/02/04 - 17:58:34 | 200 |  7.211451761s |             ::1 | POST     /v1/createtask
[GIN] 2020/02/04 - 17:58:34 | 200 |   10.057029ms |             ::1 | GET      /v1/comparegoal
[GIN] 2020/02/04 - 17:58:35 | 200 |  233.078384ms |             ::1 | GET      /v1/goalsgraph
[GIN] 2020/02/04 - 17:58:35 | 200 |  829.907458ms |             ::1 | GET      /v1/reviewfortimes?days=1
[GIN] 2020/02/04 - 17:58:47 | 200 |  2.717007541s |             ::1 | POST     /v1/createtask
[GIN] 2020/02/04 - 17:58:47 | 200 |    3.182176ms |             ::1 | GET      /v1/comparegoal
[GIN] 2020/02/04 - 17:58:47 | 200 |  188.589575ms |             ::1 | GET      /v1/goalsgraph
[GIN] 2020/02/04 - 17:58:48 | 200 |  768.743675ms |             ::1 | GET      /v1/reviewfortimes?days=1
[GIN] 2020/02/04 - 17:58:57 | 200 |    8.617408ms |             ::1 | GET      /v1/review?reviewtype=goals
[GIN] 2020/02/04 - 17:58:58 | 200 |  391.739335ms |             ::1 | GET      /v1/echart.js
[GIN] 2020/02/04 - 17:58:58 | 404 |       2.401µs |             ::1 | GET      /v1/echarts.js.map
[GIN] 2020/02/04 - 17:58:58 | 200 |  140.986169ms |             ::1 | GET      /v1/goalsgraph
[GIN] 2020/02/04 - 17:59:07 | 200 |    3.315094ms |             ::1 | GET      /v1/review?reviewtype=goals
[GIN] 2020/02/04 - 17:59:08 | 200 |  276.267653ms |             ::1 | GET      /v1/echart.js
[GIN] 2020/02/04 - 17:59:08 | 404 |       2.065µs |             ::1 | GET      /v1/echarts.js.map
[GIN] 2020/02/04 - 17:59:09 | 200 |  160.819452ms |             ::1 | GET      /v1/goalsgraph
[GIN] 2020/02/04 - 17:59:28 | 200 |  2.841349862s |             ::1 | POST     /v1/createtask
[GIN] 2020/02/04 - 17:59:28 | 200 |    3.245357ms |             ::1 | GET      /v1/comparegoal
[GIN] 2020/02/04 - 17:59:28 | 200 |  171.821251ms |             ::1 | GET      /v1/goalsgraph
[GIN] 2020/02/04 - 17:59:29 | 200 |  787.762723ms |             ::1 | GET      /v1/reviewfortimes?days=1
