[GIN-debug] GET    /swagger/*any             --> github.com/swaggo/gin-swagger.CustomWrapHandler.func1 (5 handlers)
[GIN-debug] Loaded HTML Templates (25): 
	- place.html
	- reviewalgo.html
	- testgolangtemplaterender.html
	- addtasks.html
	- goallist.html
	- inbox.html
	- pride.html
	- project.html
	- review.html
	- reviewalgoforyangming.html
	- taskmanager.html
	- everyday.html
	- user.html
	- time.html
	- rebalancealgo.html
	- reviewalgoforios.html
	- reviewalgoforiosback.html
	- taskmanagerbak.html
	- map.html
	- goals.html
	- inbox0.html
	- mainpage.html
	- pridetimeline.html
	- reviewfromprojectreview.html
	- 

[GIN-debug] GET    /v1/show.css              --> github.com/gin-gonic/gin.(*RouterGroup).StaticFile.func1 (5 handlers)
[GIN-debug] HEAD   /v1/show.css              --> github.com/gin-gonic/gin.(*RouterGroup).StaticFile.func1 (5 handlers)
[GIN-debug] GET    /v1/user.css              --> github.com/gin-gonic/gin.(*RouterGroup).StaticFile.func1 (5 handlers)
[GIN-debug] HEAD   /v1/user.css              --> github.com/gin-gonic/gin.(*RouterGroup).StaticFile.func1 (5 handlers)
[GIN-debug] GET    /v1/taskmanage.css        --> github.com/gin-gonic/gin.(*RouterGroup).StaticFile.func1 (5 handlers)
[GIN-debug] HEAD   /v1/taskmanage.css        --> github.com/gin-gonic/gin.(*RouterGroup).StaticFile.func1 (5 handlers)
[GIN-debug] GET    /v1/moment.js             --> github.com/gin-gonic/gin.(*RouterGroup).StaticFile.func1 (5 handlers)
[GIN-debug] HEAD   /v1/moment.js             --> github.com/gin-gonic/gin.(*RouterGroup).StaticFile.func1 (5 handlers)
[GIN-debug] GET    /v1/tasks.js              --> github.com/gin-gonic/gin.(*RouterGroup).StaticFile.func1 (5 handlers)
[GIN-debug] HEAD   /v1/tasks.js              --> github.com/gin-gonic/gin.(*RouterGroup).StaticFile.func1 (5 handlers)
[GIN-debug] GET    /v1/echart.js             --> github.com/gin-gonic/gin.(*RouterGroup).StaticFile.func1 (5 handlers)
[GIN-debug] HEAD   /v1/echart.js             --> github.com/gin-gonic/gin.(*RouterGroup).StaticFile.func1 (5 handlers)
[GIN-debug] GET    /v1/finance.js            --> github.com/gin-gonic/gin.(*RouterGroup).StaticFile.func1 (5 handlers)
[GIN-debug] HEAD   /v1/finance.js            --> github.com/gin-gonic/gin.(*RouterGroup).StaticFile.func1 (5 handlers)
[GIN-debug] GET    /v1/jquery.js             --> github.com/gin-gonic/gin.(*RouterGroup).StaticFile.func1 (5 handlers)
[GIN-debug] HEAD   /v1/jquery.js             --> github.com/gin-gonic/gin.(*RouterGroup).StaticFile.func1 (5 handlers)
[GIN-debug] GET    /v1/chosen.js             --> github.com/gin-gonic/gin.(*RouterGroup).StaticFile.func1 (5 handlers)
[GIN-debug] HEAD   /v1/chosen.js             --> github.com/gin-gonic/gin.(*RouterGroup).StaticFile.func1 (5 handlers)
[GIN-debug] GET    /v1/chosen.css            --> github.com/gin-gonic/gin.(*RouterGroup).StaticFile.func1 (5 handlers)
[GIN-debug] HEAD   /v1/chosen.css            --> github.com/gin-gonic/gin.(*RouterGroup).StaticFile.func1 (5 handlers)
[GIN-debug] GET    /v1/style.css             --> github.com/gin-gonic/gin.(*RouterGroup).StaticFile.func1 (5 handlers)
[GIN-debug] HEAD   /v1/style.css             --> github.com/gin-gonic/gin.(*RouterGroup).StaticFile.func1 (5 handlers)
[GIN-debug] GET    /v1/index.js              --> github.com/gin-gonic/gin.(*RouterGroup).StaticFile.func1 (5 handlers)
[GIN-debug] HEAD   /v1/index.js              --> github.com/gin-gonic/gin.(*RouterGroup).StaticFile.func1 (5 handlers)
[GIN-debug] GET    /v1/balancealgo.js        --> github.com/gin-gonic/gin.(*RouterGroup).StaticFile.func1 (5 handlers)
[GIN-debug] HEAD   /v1/balancealgo.js        --> github.com/gin-gonic/gin.(*RouterGroup).StaticFile.func1 (5 handlers)
[GIN-debug] GET    /v1/background.png        --> github.com/gin-gonic/gin.(*RouterGroup).StaticFile.func1 (5 handlers)
[GIN-debug] HEAD   /v1/background.png        --> github.com/gin-gonic/gin.(*RouterGroup).StaticFile.func1 (5 handlers)
[GIN-debug] GET    /v1/test                  --> github.com/gtdgolangserver/models.Test (5 handlers)
[GIN-debug] GET    /v1/time                  --> github.com/gtdgolangserver/models.Clock (5 handlers)
[GIN-debug] GET    /v1/welcome               --> github.com/gtdgolangserver/models.User (5 handlers)
[GIN-debug] GET    /v1/                      --> github.com/gtdgolangserver/models.User (5 handlers)
[GIN-debug] GET    /v1/panic                 --> main.main.func1 (5 handlers)
[GIN-debug] GET    /v1/location              --> github.com/gtdgolangserver/models.Canvas (5 handlers)
[GIN-debug] GET    /v1/emailverify           --> github.com/gtdgolangserver/models.EmailGenerateCode (5 handlers)
[GIN-debug] POST   /v1/login                 --> github.com/gtdgolangserver/models.Login (5 handlers)
[GIN-debug] GET    /v1/logout                --> github.com/gtdgolangserver/models.Logout (5 handlers)
[GIN-debug] POST   /v1/register              --> github.com/gtdgolangserver/models.Register (5 handlers)
[GIN-debug] GET    /v1/blogupdate            --> github.com/gtdgolangserver/models.Blogupdate (5 handlers)
[GIN-debug] GET    /v1/inboxjson             --> github.com/gtdgolangserver/models.Inboxjson (5 handlers)
[GIN-debug] GET    /v1/todayjson             --> github.com/gtdgolangserver/models.Todaytaskjson (5 handlers)
[GIN-debug] GET    /v1/taskmanager           --> github.com/gtdgolangserver/models.Taskmanager (5 handlers)
[GIN-debug] GET    /v1/yesterdayjson         --> github.com/gtdgolangserver/models.Yesterdaytaskjson (5 handlers)
[GIN-debug] GET    /v1/tomorrowjson          --> github.com/gtdgolangserver/models.Tomorrowtaskjson (5 handlers)
[GIN-debug] GET    /v1/unfinishedtasksjson   --> github.com/gtdgolangserver/models.Unfinishedtaskjson (5 handlers)
[GIN-debug] GET    /v1/readinglist           --> github.com/gtdgolangserver/models.Readinglistjson (5 handlers)
[GIN-debug] GET    /v1/habitlist             --> github.com/gtdgolangserver/models.Habitlistjson (5 handlers)
[GIN-debug] GET    /v1/healthlist            --> github.com/gtdgolangserver/models.Healthlistjson (5 handlers)
[GIN-debug] GET    /v1/financelist           --> github.com/gtdgolangserver/models.Financelistjson (5 handlers)
[GIN-debug] GET    /v1/projectsjson          --> github.com/gtdgolangserver/models.Projectsjson (5 handlers)
[GIN-debug] GET    /v1/reviewsjson           --> github.com/gtdgolangserver/models.Reviewsjson (5 handlers)
[GIN-debug] GET    /v1/reviewdaydatajson     --> github.com/gtdgolangserver/models.Reviewalgorithmjson (5 handlers)
[GIN-debug] GET    /v1/reviewdaydatajsonforyangming --> github.com/gtdgolangserver/models.Reviewalgorithmjsonforyangming (5 handlers)
[GIN-debug] GET    /v1/reviewdaydatajsonforios --> github.com/gtdgolangserver/models.Reviewalgorithmjsonforios (5 handlers)
[GIN-debug] GET    /v1/reviewscoreoftoday    --> github.com/gtdgolangserver/models.Reviewscore_today (5 handlers)
[GIN-debug] GET    /v1/balancealgo           --> github.com/gtdgolangserver/models.Balancealgo (5 handlers)
[GIN-debug] GET    /v1/rebalance             --> github.com/gtdgolangserver/models.Rebalancealgo (5 handlers)
[GIN-debug] POST   /v1/createtask            --> github.com/gtdgolangserver/models.CreatetaskbyJSON (5 handlers)
[GIN-debug] POST   /v1/createtaskfromsiri    --> github.com/gtdgolangserver/models.Createtaskfromsiri (5 handlers)
[GIN-debug] POST   /v1/update                --> github.com/gtdgolangserver/models.Update (5 handlers)
[GIN-debug] POST   /v1/giveuptasksbatch      --> github.com/gtdgolangserver/models.Giveuptasksbatch (5 handlers)
[GIN-debug] POST   /v1/tomorrowtasksbatch    --> github.com/gtdgolangserver/models.Tomorrowtasksbatch (5 handlers)
[GIN-debug] POST   /v1/updateforios          --> github.com/gtdgolangserver/models.Updateforios (5 handlers)
[GIN-debug] GET    /v1/map                   --> github.com/gtdgolangserver/models.Googlemapservice (5 handlers)
[GIN-debug] GET    /v1/deadlinesystemjson    --> github.com/gtdgolangserver/models.Deadlinesystem (5 handlers)
[GIN-debug] POST   /v1/taskexecute           --> github.com/gtdgolangserver/models.Taskexecutelogfun (5 handlers)
[GIN-debug] POST   /v1/createprinciplelib    --> github.com/gtdgolangserver/models.Createprinciplelib (5 handlers)
[GIN-debug] POST   /v1/createprincipledetail --> github.com/gtdgolangserver/models.Createprincipledetail (5 handlers)
[GIN-debug] POST   /v1/connectpcodewithtasktag --> github.com/gtdgolangserver/models.Connectpcodewithtasktag (5 handlers)
[GIN-debug] GET    /v1/getprinciple          --> github.com/gtdgolangserver/models.Principlesystem (5 handlers)
[GIN-debug] GET    /v1/getprincipledetails   --> github.com/gtdgolangserver/models.Principlesdetailsystem (5 handlers)
[GIN-debug] GET    /v1/searchwithprinciplecode --> github.com/gtdgolangserver/models.Searchwithprinciplecode (5 handlers)
[GIN-debug] POST   /v1/createproject         --> github.com/gtdgolangserver/models.Createprojectofgoal (5 handlers)
[GIN-debug] POST   /v1/updateproject         --> github.com/gtdgolangserver/models.Updateprojectofgoal (5 handlers)
[GIN-debug] POST   /v1/creategoal            --> github.com/gtdgolangserver/models.Creategoal (5 handlers)
[GIN-debug] POST   /v1/updategoal            --> github.com/gtdgolangserver/models.Updategoal (5 handlers)
[GIN-debug] GET    /v1/comparegoal           --> github.com/gtdgolangserver/models.Goalcompare (5 handlers)
[GIN-debug] GET    /v1/searchwithgoalcode    --> github.com/gtdgolangserver/models.Searchwithgoalcode (5 handlers)
[GIN-debug] GET    /v1/goaljson              --> github.com/gtdgolangserver/models.Goalsystem (5 handlers)
[GIN-debug] GET    /v1/goalsgraph            --> github.com/gtdgolangserver/models.Goalsjson (5 handlers)
[GIN-debug] GET    /v1/goallist              --> github.com/gtdgolangserver/models.Goallist (5 handlers)
[GIN-debug] GET    /v1/goalincludeproject    --> github.com/gtdgolangserver/models.Goalincludeprojectforserver (5 handlers)
[GIN-debug] GET    /v1/inbox                 --> github.com/gtdgolangserver/models.Inbox (5 handlers)
[GIN-debug] GET    /v1/project               --> github.com/gtdgolangserver/models.Project (5 handlers)
[GIN-debug] GET    /v1/everyday              --> github.com/gtdgolangserver/models.Everydays (5 handlers)
[GIN-debug] GET    /v1/pride                 --> github.com/gtdgolangserver/models.Finished (5 handlers)
[GIN-debug] GET    /v1/place                 --> github.com/gtdgolangserver/models.Placebased (5 handlers)
[GIN-debug] GET    /v1/freewriting           --> github.com/gtdgolangserver/models.Freewriting (5 handlers)
[GIN-debug] GET    /v1/todaytasks            --> github.com/gtdgolangserver/models.Todaytaskweb (5 handlers)
[GIN-debug] GET    /v1/review                --> github.com/gtdgolangserver/models.Review (5 handlers)
[GIN-debug] GET    /v1/reviewfrommaster      --> github.com/gtdgolangserver/models.Reviewfromyangming (5 handlers)
[GIN-debug] GET    /v1/reviewfortimes        --> github.com/gtdgolangserver/models.Reviewforstastics (5 handlers)
[GIN-debug] GET    /v1/errorlogjson          --> github.com/gtdgolangserver/models.Errorlog (5 handlers)
[GIN-debug] GET    /v1/problemsjson          --> github.com/gtdgolangserver/models.Problemssystem (5 handlers)
[GIN-debug] GET    /v1/questionsjson         --> github.com/gtdgolangserver/models.Questionssystem (5 handlers)
[GIN-debug] GET    /v1/reviewgraphforios     --> github.com/gtdgolangserver/models.Reviewforios (5 handlers)
[GIN-debug] GET    /v1/search                --> github.com/gtdgolangserver/models.Search (5 handlers)
[GIN-debug] GET    /v1/searchwithtag         --> github.com/gtdgolangserver/models.Searchwithtags (5 handlers)
[GIN-debug] GET    /v1/mybalancejson         --> github.com/gtdgolangserver/models.Getmywealth (5 handlers)
[GIN-debug] Listening and serving HTTP on :8081
[GIN-debug] [WARNING] Headers were already written. Wanted to override status code 401 with 500
[GIN-debug] [WARNING] Headers were already written. Wanted to override status code 401 with 500
[GIN-debug] [WARNING] Headers were already written. Wanted to override status code 401 with 500
[GIN-debug] [WARNING] Headers were already written. Wanted to override status code 401 with 500
