{}
['200301', '200302', '200303', '200304', '200305', '200306', '200307', '200308', '200309', '200310', '200311', '200312', '200313', '200314', '200315', '200316', '200317', '200318', '200319', '200320', '200321', '200322', '200323', '200324', '200325', '200326', '200327', '200328', '200329', '200330', '200331', '200401', '200402', '200403', '200404', '200405', '200406', '200407', '200408', '200409', '200410', '200411', '200412', '200413', '200414', '200415', '200416', '200417', '200418', '200419', '200420', '200421', '200422', '200423', '200424', '200425', '200426', '200427', '200428', '200429', '200430']
5
6
8
Content-Length: 60
User-Agent: gtdv1.0/1.1 (com.dreamforfuture.dreamforfuture; build:1.1; iOS 13.2.3) Alamofire/4.7.3
Connection: close
Email: yang756260386@gmail.com
Client: iosnotsiri
Host: 127.0.0.1:6000
Accept: */*
Accept-Language: en-CN;q=1.0, zh-Hans-CN;q=0.9
Content-Type: application/json
Accept-Encoding: gzip;q=1.0, compress;q=0.5


{}
['200301', '200302', '200303', '200304', '200305', '200306', '200307', '200308', '200309', '200310', '200311', '200312', '200313', '200314', '200315', '200316', '200317', '200318', '200319', '200320', '200321', '200322', '200323', '200324', '200325', '200326', '200327', '200328', '200329', '200330', '200331', '200401', '200402', '200403', '200404', '200405', '200406', '200407', '200408', '200409', '200410', '200411', '200412', '200413', '200414', '200415', '200416', '200417', '200418', '200419', '200420', '200421', '200422', '200423', '200424', '200425', '200426', '200427', '200428', '200429', '200430']
5
6
8
{}
['200301', '200302', '200303', '200304', '200305', '200306', '200307', '200308', '200309', '200310', '200311', '200312', '200313', '200314', '200315', '200316', '200317', '200318', '200319', '200320', '200321', '200322', '200323', '200324', '200325', '200326', '200327', '200328', '200329', '200330', '200331', '200401', '200402', '200403', '200404', '200405', '200406', '200407', '200408', '200409', '200410', '200411', '200412', '200413', '200414', '200415', '200416', '200417', '200418', '200419', '200420', '200421', '200422', '200423', '200424', '200425', '200426', '200427', '200428', '200429', '200430']
5
6
8
{}
['200301', '200302', '200303', '200304', '200305', '200306', '200307', '200308', '200309', '200310', '200311', '200312', '200313', '200314', '200315', '200316', '200317', '200318', '200319', '200320', '200321', '200322', '200323', '200324', '200325', '200326', '200327', '200328', '200329', '200330', '200331', '200401', '200402', '200403', '200404', '200405', '200406', '200407', '200408', '200409', '200410', '200411', '200412', '200413', '200414', '200415', '200416', '200417', '200418', '200419', '200420', '200421', '200422', '200423', '200424', '200425', '200426', '200427', '200428', '200429', '200430']
5
6
8
Content-Length: 72
User-Agent: gtdv1.0/1.1 (com.dreamforfuture.dreamforfuture; build:1.1; iOS 13.2.3) Alamofire/4.7.3
Connection: close
Email: yang756260386@gmail.com
Client: iosnotsiri
Host: 127.0.0.1:6000
Accept: */*
Accept-Language: en-CN;q=1.0, zh-Hans-CN;q=0.9
Content-Type: application/json
Accept-Encoding: gzip;q=1.0, compress;q=0.5


{}
['200301', '200302', '200303', '200304', '200305', '200306', '200307', '200308', '200309', '200310', '200311', '200312', '200313', '200314', '200315', '200316', '200317', '200318', '200319', '200320', '200321', '200322', '200323', '200324', '200325', '200326', '200327', '200328', '200329', '200330', '200331', '200401', '200402', '200403', '200404', '200405', '200406', '200407', '200408', '200409', '200410', '200411', '200412', '200413', '200414', '200415', '200416', '200417', '200418', '200419', '200420', '200421', '200422', '200423', '200424', '200425', '200426', '200427', '200428', '200429', '200430']
5
6
8
{}
['200301', '200302', '200303', '200304', '200305', '200306', '200307', '200308', '200309', '200310', '200311', '200312', '200313', '200314', '200315', '200316', '200317', '200318', '200319', '200320', '200321', '200322', '200323', '200324', '200325', '200326', '200327', '200328', '200329', '200330', '200331', '200401', '200402', '200403', '200404', '200405', '200406', '200407', '200408', '200409', '200410', '200411', '200412', '200413', '200414', '200415', '200416', '200417', '200418', '200419', '200420', '200421', '200422', '200423', '200424', '200425', '200426', '200427', '200428', '200429', '200430']
5
6
8
Content-Length: 75
User-Agent: gtdv1.0/1.1 (com.dreamforfuture.dreamforfuture; build:1.1; iOS 13.2.3) Alamofire/4.7.3
Connection: close
Email: yang756260386@gmail.com
Client: iosnotsiri
Host: 127.0.0.1:6000
Accept: */*
Accept-Language: en-CN;q=1.0, zh-Hans-CN;q=0.9
Content-Type: application/json
Accept-Encoding: gzip;q=1.0, compress;q=0.5


清华大学教授
{}
['200301', '200302', '200303', '200304', '200305', '200306', '200307', '200308', '200309', '200310', '200311', '200312', '200313', '200314', '200315', '200316', '200317', '200318', '200319', '200320', '200321', '200322', '200323', '200324', '200325', '200326', '200327', '200328', '200329', '200330', '200331', '200401', '200402', '200403', '200404', '200405', '200406', '200407', '200408', '200409', '200410', '200411', '200412', '200413', '200414', '200415', '200416', '200417', '200418', '200419', '200420', '200421', '200422', '200423', '200424', '200425', '200426', '200427', '200428', '200429', '200430']
5
6
8
12
Content-Length: 72
User-Agent: gtdv1.0/1.1 (com.dreamforfuture.dreamforfuture; build:1.1; iOS 13.2.3) Alamofire/4.7.3
Connection: close
Email: yang756260386@gmail.com
Client: iosnotsiri
Host: 127.0.0.1:6000
Accept: */*
Accept-Language: en-CN;q=1.0, zh-Hans-CN;q=0.9
Content-Type: application/json
Accept-Encoding: gzip;q=1.0, compress;q=0.5


披靡华大月
{}
['200301', '200302', '200303', '200304', '200305', '200306', '200307', '200308', '200309', '200310', '200311', '200312', '200313', '200314', '200315', '200316', '200317', '200318', '200319', '200320', '200321', '200322', '200323', '200324', '200325', '200326', '200327', '200328', '200329', '200330', '200331', '200401', '200402', '200403', '200404', '200405', '200406', '200407', '200408', '200409', '200410', '200411', '200412', '200413', '200414', '200415', '200416', '200417', '200418', '200419', '200420', '200421', '200422', '200423', '200424', '200425', '200426', '200427', '200428', '200429', '200430']
5
6
8
12
13
Content-Length: 66
User-Agent: gtdv1.0/1.1 (com.dreamforfuture.dreamforfuture; build:1.1; iOS 13.2.3) Alamofire/4.7.3
Connection: close
Email: yang756260386@gmail.com
Client: iosnotsiri
Host: 127.0.0.1:6000
Accept: */*
Accept-Language: en-CN;q=1.0, zh-Hans-CN;q=0.9
Content-Type: application/json
Accept-Encoding: gzip;q=1.0, compress;q=0.5


搞不懂
{}
['200301', '200302', '200303', '200304', '200305', '200306', '200307', '200308', '200309', '200310', '200311', '200312', '200313', '200314', '200315', '200316', '200317', '200318', '200319', '200320', '200321', '200322', '200323', '200324', '200325', '200326', '200327', '200328', '200329', '200330', '200331', '200401', '200402', '200403', '200404', '200405', '200406', '200407', '200408', '200409', '200410', '200411', '200412', '200413', '200414', '200415', '200416', '200417', '200418', '200419', '200420', '200421', '200422', '200423', '200424', '200425', '200426', '200427', '200428', '200429', '200430']
5
6
8
12
13
14
<Request 'http://127.0.0.1:6000/finance/updatefees' [POST]>
{u'date': u'200418', u'record': u'\u4e3a\u4ec0\u4e48\u54c8\u54c8', u'direction': u'buy', u'fee': u'50', u'id': 8}
{}
['200301', '200302', '200303', '200304', '200305', '200306', '200307', '200308', '200309', '200310', '200311', '200312', '200313', '200314', '200315', '200316', '200317', '200318', '200319', '200320', '200321', '200322', '200323', '200324', '200325', '200326', '200327', '200328', '200329', '200330', '200331', '200401', '200402', '200403', '200404', '200405', '200406', '200407', '200408', '200409', '200410', '200411', '200412', '200413', '200414', '200415', '200416', '200417', '200418', '200419', '200420', '200421', '200422', '200423', '200424', '200425', '200426', '200427', '200428', '200429', '200430']
5
6
8
12
13
14
{}
['200301', '200302', '200303', '200304', '200305', '200306', '200307', '200308', '200309', '200310', '200311', '200312', '200313', '200314', '200315', '200316', '200317', '200318', '200319', '200320', '200321', '200322', '200323', '200324', '200325', '200326', '200327', '200328', '200329', '200330', '200331', '200401', '200402', '200403', '200404', '200405', '200406', '200407', '200408', '200409', '200410', '200411', '200412', '200413', '200414', '200415', '200416', '200417', '200418', '200419', '200420', '200421', '200422', '200423', '200424', '200425', '200426', '200427', '200428', '200429', '200430']
5
6
8
12
13
14
<Request 'http://127.0.0.1:6000/finance/updatefees' [POST]>
{u'date': u'200418', u'record': u'\u4e3a\u4ec0\u4e48', u'direction': u'buy', u'fee': u'50', u'id': 8}
{}
['200301', '200302', '200303', '200304', '200305', '200306', '200307', '200308', '200309', '200310', '200311', '200312', '200313', '200314', '200315', '200316', '200317', '200318', '200319', '200320', '200321', '200322', '200323', '200324', '200325', '200326', '200327', '200328', '200329', '200330', '200331', '200401', '200402', '200403', '200404', '200405', '200406', '200407', '200408', '200409', '200410', '200411', '200412', '200413', '200414', '200415', '200416', '200417', '200418', '200419', '200420', '200421', '200422', '200423', '200424', '200425', '200426', '200427', '200428', '200429', '200430']
5
6
8
12
13
14
{}
['200301', '200302', '200303', '200304', '200305', '200306', '200307', '200308', '200309', '200310', '200311', '200312', '200313', '200314', '200315', '200316', '200317', '200318', '200319', '200320', '200321', '200322', '200323', '200324', '200325', '200326', '200327', '200328', '200329', '200330', '200331', '200401', '200402', '200403', '200404', '200405', '200406', '200407', '200408', '200409', '200410', '200411', '200412', '200413', '200414', '200415', '200416', '200417', '200418', '200419', '200420', '200421', '200422', '200423', '200424', '200425', '200426', '200427', '200428', '200429', '200430']
5
6
8
12
13
14
<Request 'http://127.0.0.1:6000/finance/updatefees' [POST]>
{u'date': u'200418', u'record': u'\u4e3a\u4ec0\u4e48\u54c8', u'direction': u'buy', u'fee': u'50', u'id': 8}
{}
['200301', '200302', '200303', '200304', '200305', '200306', '200307', '200308', '200309', '200310', '200311', '200312', '200313', '200314', '200315', '200316', '200317', '200318', '200319', '200320', '200321', '200322', '200323', '200324', '200325', '200326', '200327', '200328', '200329', '200330', '200331', '200401', '200402', '200403', '200404', '200405', '200406', '200407', '200408', '200409', '200410', '200411', '200412', '200413', '200414', '200415', '200416', '200417', '200418', '200419', '200420', '200421', '200422', '200423', '200424', '200425', '200426', '200427', '200428', '200429', '200430']
5
6
8
12
13
14
{}
['200301', '200302', '200303', '200304', '200305', '200306', '200307', '200308', '200309', '200310', '200311', '200312', '200313', '200314', '200315', '200316', '200317', '200318', '200319', '200320', '200321', '200322', '200323', '200324', '200325', '200326', '200327', '200328', '200329', '200330', '200331', '200401', '200402', '200403', '200404', '200405', '200406', '200407', '200408', '200409', '200410', '200411', '200412', '200413', '200414', '200415', '200416', '200417', '200418', '200419', '200420', '200421', '200422', '200423', '200424', '200425', '200426', '200427', '200428', '200429', '200430']
5
6
8
12
13
14
{}
['200301', '200302', '200303', '200304', '200305', '200306', '200307', '200308', '200309', '200310', '200311', '200312', '200313', '200314', '200315', '200316', '200317', '200318', '200319', '200320', '200321', '200322', '200323', '200324', '200325', '200326', '200327', '200328', '200329', '200330', '200331', '200401', '200402', '200403', '200404', '200405', '200406', '200407', '200408', '200409', '200410', '200411', '200412', '200413', '200414', '200415', '200416', '200417', '200418', '200419', '200420', '200421', '200422', '200423', '200424', '200425', '200426', '200427', '200428', '200429', '200430']
5
6
8
12
13
14
Content-Length: 63
User-Agent: gtdv1.0/1.1 (com.dreamforfuture.dreamforfuture; build:1.1; iOS 13.2.3) Alamofire/4.7.3
Connection: close
Email: yang756260386@gmail.com
Client: iosnotsiri
Host: 127.0.0.1:6000
Accept: */*
Accept-Language: en-CN;q=1.0, zh-Hans-CN;q=0.9
Content-Type: application/json
Accept-Encoding: gzip;q=1.0, compress;q=0.5


妹妹
{}
['200301', '200302', '200303', '200304', '200305', '200306', '200307', '200308', '200309', '200310', '200311', '200312', '200313', '200314', '200315', '200316', '200317', '200318', '200319', '200320', '200321', '200322', '200323', '200324', '200325', '200326', '200327', '200328', '200329', '200330', '200331', '200401', '200402', '200403', '200404', '200405', '200406', '200407', '200408', '200409', '200410', '200411', '200412', '200413', '200414', '200415', '200416', '200417', '200418', '200419', '200420', '200421', '200422', '200423', '200424', '200425', '200426', '200427', '200428', '200429', '200430']
5
6
8
12
13
14
15
<Request 'http://127.0.0.1:6000/finance/updatefees' [POST]>
{u'date': u'200417', u'record': u'\u5bfc\u5f39\u548c\u9a71\u9010\u8230', u'direction': u'buy', u'fee': u'30', u'id': 15}
{}
['200301', '200302', '200303', '200304', '200305', '200306', '200307', '200308', '200309', '200310', '200311', '200312', '200313', '200314', '200315', '200316', '200317', '200318', '200319', '200320', '200321', '200322', '200323', '200324', '200325', '200326', '200327', '200328', '200329', '200330', '200331', '200401', '200402', '200403', '200404', '200405', '200406', '200407', '200408', '200409', '200410', '200411', '200412', '200413', '200414', '200415', '200416', '200417', '200418', '200419', '200420', '200421', '200422', '200423', '200424', '200425', '200426', '200427', '200428', '200429', '200430']
5
6
8
12
13
14
15
{}
['200301', '200302', '200303', '200304', '200305', '200306', '200307', '200308', '200309', '200310', '200311', '200312', '200313', '200314', '200315', '200316', '200317', '200318', '200319', '200320', '200321', '200322', '200323', '200324', '200325', '200326', '200327', '200328', '200329', '200330', '200331', '200401', '200402', '200403', '200404', '200405', '200406', '200407', '200408', '200409', '200410', '200411', '200412', '200413', '200414', '200415', '200416', '200417', '200418', '200419', '200420', '200421', '200422', '200423', '200424', '200425', '200426', '200427', '200428', '200429', '200430']
5
6
8
12
13
14
15
{}
['200301', '200302', '200303', '200304', '200305', '200306', '200307', '200308', '200309', '200310', '200311', '200312', '200313', '200314', '200315', '200316', '200317', '200318', '200319', '200320', '200321', '200322', '200323', '200324', '200325', '200326', '200327', '200328', '200329', '200330', '200331', '200401', '200402', '200403', '200404', '200405', '200406', '200407', '200408', '200409', '200410', '200411', '200412', '200413', '200414', '200415', '200416', '200417', '200418', '200419', '200420', '200421', '200422', '200423', '200424', '200425', '200426', '200427', '200428', '200429', '200430']
5
6
8
12
13
14
15
{}
['200301', '200302', '200303', '200304', '200305', '200306', '200307', '200308', '200309', '200310', '200311', '200312', '200313', '200314', '200315', '200316', '200317', '200318', '200319', '200320', '200321', '200322', '200323', '200324', '200325', '200326', '200327', '200328', '200329', '200330', '200331', '200401', '200402', '200403', '200404', '200405', '200406', '200407', '200408', '200409', '200410', '200411', '200412', '200413', '200414', '200415', '200416', '200417', '200418', '200419', '200420', '200421', '200422', '200423', '200424', '200425', '200426', '200427', '200428', '200429', '200430']
5
6
8
12
13
14
15
{}
['200301', '200302', '200303', '200304', '200305', '200306', '200307', '200308', '200309', '200310', '200311', '200312', '200313', '200314', '200315', '200316', '200317', '200318', '200319', '200320', '200321', '200322', '200323', '200324', '200325', '200326', '200327', '200328', '200329', '200330', '200331', '200401', '200402', '200403', '200404', '200405', '200406', '200407', '200408', '200409', '200410', '200411', '200412', '200413', '200414', '200415', '200416', '200417', '200418', '200419', '200420', '200421', '200422', '200423', '200424', '200425', '200426', '200427', '200428', '200429', '200430']
5
6
8
12
13
14
15
Content-Length: 87
User-Agent: gtdv1.0/1.1 (com.dreamforfuture.dreamforfuture; build:1.1; iOS 13.2.3) Alamofire/4.7.3
Connection: close
Email: yang756260386@gmail.com
Client: iosnotsiri
Host: 127.0.0.1:6000
Accept: */*
Accept-Language: en-CN;q=1.0, zh-Hans-CN;q=0.9
Content-Type: application/json
Accept-Encoding: gzip;q=1.0, compress;q=0.5


烦烦透着烦死人？我的
{}
['200301', '200302', '200303', '200304', '200305', '200306', '200307', '200308', '200309', '200310', '200311', '200312', '200313', '200314', '200315', '200316', '200317', '200318', '200319', '200320', '200321', '200322', '200323', '200324', '200325', '200326', '200327', '200328', '200329', '200330', '200331', '200401', '200402', '200403', '200404', '200405', '200406', '200407', '200408', '200409', '200410', '200411', '200412', '200413', '200414', '200415', '200416', '200417', '200418', '200419', '200420', '200421', '200422', '200423', '200424', '200425', '200426', '200427', '200428', '200429', '200430']
5
6
8
12
13
14
15
16
Content-Length: 84
User-Agent: gtdv1.0/1.1 (com.dreamforfuture.dreamforfuture; build:1.1; iOS 13.2.3) Alamofire/4.7.3
Connection: close
Email: yang756260386@gmail.com
Client: iosnotsiri
Host: 127.0.0.1:6000
Accept: */*
Accept-Language: en-CN;q=1.0, zh-Hans-CN;q=0.9
Content-Type: application/json
Accept-Encoding: gzip;q=1.0, compress;q=0.5


披靡花萼阿武对皮肤
{}
['200301', '200302', '200303', '200304', '200305', '200306', '200307', '200308', '200309', '200310', '200311', '200312', '200313', '200314', '200315', '200316', '200317', '200318', '200319', '200320', '200321', '200322', '200323', '200324', '200325', '200326', '200327', '200328', '200329', '200330', '200331', '200401', '200402', '200403', '200404', '200405', '200406', '200407', '200408', '200409', '200410', '200411', '200412', '200413', '200414', '200415', '200416', '200417', '200418', '200419', '200420', '200421', '200422', '200423', '200424', '200425', '200426', '200427', '200428', '200429', '200430']
5
6
8
12
13
14
15
16
17
{}
['200301', '200302', '200303', '200304', '200305', '200306', '200307', '200308', '200309', '200310', '200311', '200312', '200313', '200314', '200315', '200316', '200317', '200318', '200319', '200320', '200321', '200322', '200323', '200324', '200325', '200326', '200327', '200328', '200329', '200330', '200331', '200401', '200402', '200403', '200404', '200405', '200406', '200407', '200408', '200409', '200410', '200411', '200412', '200413', '200414', '200415', '200416', '200417', '200418', '200419', '200420', '200421', '200422', '200423', '200424', '200425', '200426', '200427', '200428', '200429', '200430']
5
6
8
12
13
14
15
16
17
{}
['200301', '200302', '200303', '200304', '200305', '200306', '200307', '200308', '200309', '200310', '200311', '200312', '200313', '200314', '200315', '200316', '200317', '200318', '200319', '200320', '200321', '200322', '200323', '200324', '200325', '200326', '200327', '200328', '200329', '200330', '200331', '200401', '200402', '200403', '200404', '200405', '200406', '200407', '200408', '200409', '200410', '200411', '200412', '200413', '200414', '200415', '200416', '200417', '200418', '200419', '200420', '200421', '200422', '200423', '200424', '200425', '200426', '200427', '200428', '200429', '200430']
5
6
8
12
13
14
15
16
17
{}
['200301', '200302', '200303', '200304', '200305', '200306', '200307', '200308', '200309', '200310', '200311', '200312', '200313', '200314', '200315', '200316', '200317', '200318', '200319', '200320', '200321', '200322', '200323', '200324', '200325', '200326', '200327', '200328', '200329', '200330', '200331', '200401', '200402', '200403', '200404', '200405', '200406', '200407', '200408', '200409', '200410', '200411', '200412', '200413', '200414', '200415', '200416', '200417', '200418', '200419', '200420', '200421', '200422', '200423', '200424', '200425', '200426', '200427', '200428', '200429', '200430']
5
6
8
12
13
14
15
16
17
{}
['200301', '200302', '200303', '200304', '200305', '200306', '200307', '200308', '200309', '200310', '200311', '200312', '200313', '200314', '200315', '200316', '200317', '200318', '200319', '200320', '200321', '200322', '200323', '200324', '200325', '200326', '200327', '200328', '200329', '200330', '200331', '200401', '200402', '200403', '200404', '200405', '200406', '200407', '200408', '200409', '200410', '200411', '200412', '200413', '200414', '200415', '200416', '200417', '200418', '200419', '200420', '200421', '200422', '200423', '200424', '200425', '200426', '200427', '200428', '200429', '200430']
5
6
8
12
13
14
15
16
17
{}
['200301', '200302', '200303', '200304', '200305', '200306', '200307', '200308', '200309', '200310', '200311', '200312', '200313', '200314', '200315', '200316', '200317', '200318', '200319', '200320', '200321', '200322', '200323', '200324', '200325', '200326', '200327', '200328', '200329', '200330', '200331', '200401', '200402', '200403', '200404', '200405', '200406', '200407', '200408', '200409', '200410', '200411', '200412', '200413', '200414', '200415', '200416', '200417', '200418', '200419', '200420', '200421', '200422', '200423', '200424', '200425', '200426', '200427', '200428', '200429', '200430']
5
6
8
12
13
14
15
16
17
{}
['200301', '200302', '200303', '200304', '200305', '200306', '200307', '200308', '200309', '200310', '200311', '200312', '200313', '200314', '200315', '200316', '200317', '200318', '200319', '200320', '200321', '200322', '200323', '200324', '200325', '200326', '200327', '200328', '200329', '200330', '200331', '200401', '200402', '200403', '200404', '200405', '200406', '200407', '200408', '200409', '200410', '200411', '200412', '200413', '200414', '200415', '200416', '200417', '200418', '200419', '200420', '200421', '200422', '200423', '200424', '200425', '200426', '200427', '200428', '200429', '200430']
5
6
8
12
13
14
15
16
17
Content-Length: 69
User-Agent: gtdv1.0/1.1 (com.dreamforfuture.dreamforfuture; build:1.1; iOS 13.2.3) Alamofire/4.7.3
Connection: close
Email: yang756260386@gmail.com
Client: iosnotsiri
Host: 127.0.0.1:6000
Accept: */*
Accept-Language: en-CN;q=1.0, zh-Hans-CN;q=0.9
Content-Type: application/json
Accept-Encoding: gzip;q=1.0, compress;q=0.5


奇了怪了
{}
['200301', '200302', '200303', '200304', '200305', '200306', '200307', '200308', '200309', '200310', '200311', '200312', '200313', '200314', '200315', '200316', '200317', '200318', '200319', '200320', '200321', '200322', '200323', '200324', '200325', '200326', '200327', '200328', '200329', '200330', '200331', '200401', '200402', '200403', '200404', '200405', '200406', '200407', '200408', '200409', '200410', '200411', '200412', '200413', '200414', '200415', '200416', '200417', '200418', '200419', '200420', '200421', '200422', '200423', '200424', '200425', '200426', '200427', '200428', '200429', '200430']
5
6
8
12
13
14
15
16
17
18
{}
['200301', '200302', '200303', '200304', '200305', '200306', '200307', '200308', '200309', '200310', '200311', '200312', '200313', '200314', '200315', '200316', '200317', '200318', '200319', '200320', '200321', '200322', '200323', '200324', '200325', '200326', '200327', '200328', '200329', '200330', '200331', '200401', '200402', '200403', '200404', '200405', '200406', '200407', '200408', '200409', '200410', '200411', '200412', '200413', '200414', '200415', '200416', '200417', '200418', '200419', '200420', '200421', '200422', '200423', '200424', '200425', '200426', '200427', '200428', '200429', '200430']
5
6
8
12
13
14
15
16
17
18
{}
['200301', '200302', '200303', '200304', '200305', '200306', '200307', '200308', '200309', '200310', '200311', '200312', '200313', '200314', '200315', '200316', '200317', '200318', '200319', '200320', '200321', '200322', '200323', '200324', '200325', '200326', '200327', '200328', '200329', '200330', '200331', '200401', '200402', '200403', '200404', '200405', '200406', '200407', '200408', '200409', '200410', '200411', '200412', '200413', '200414', '200415', '200416', '200417', '200418', '200419', '200420', '200421', '200422', '200423', '200424', '200425', '200426', '200427', '200428', '200429', '200430']
5
6
8
12
13
14
15
16
17
18
<Request 'http://127.0.0.1:6000/finance/updatefees' [POST]>
{u'date': u'200418', u'record': u'\u
