 * Environment: production
   WARNING: This is a development server. Do not use it in a production deployment.
   Use a production WSGI server instead.
 * Debug mode: off
Usage: python -m flask run [OPTIONS]

Error: Could not locate a Flask application. You did not provide the "FLASK_APP" environment variable, and a "wsgi.py" or "app.py" module was not found in the current directory.
 * Serving Flask app "fees" (lazy loading)
 * Environment: production
   WARNING: Do not use the development server in a production environment.
   Use a production WSGI server instead.
 * Debug mode: on
 * Running on http://0.0.0.0:6000/ (Press CTRL+C to quit)
 * Restarting with stat
 * Debugger is active!
 * Debugger PIN: 845-133-885
 * Serving Flask app "fees" (lazy loading)
 * Environment: production
   WARNING: Do not use the development server in a production environment.
   Use a production WSGI server instead.
 * Debug mode: on
 * Running on http://0.0.0.0:6000/ (Press CTRL+C to quit)
 * Restarting with stat
 * Debugger is active!
 * Debugger PIN: 845-133-885
127.0.0.1 - - [18/Apr/2020 11:38:02] "[37mGET /finance/getfeesdetail HTTP/1.0[0m" 200 -
127.0.0.1 - - [18/Apr/2020 11:38:16] "[1m[35mPOST /finance/updatefees HTTP/1.0[0m" 500 -
Traceback (most recent call last):
  File "/usr/lib/python2.7/site-packages/flask/app.py", line 2309, in __call__
    return self.wsgi_app(environ, start_response)
  File "/usr/lib/python2.7/site-packages/flask/app.py", line 2295, in wsgi_app
    response = self.handle_exception(e)
  File "/usr/lib/python2.7/site-packages/flask/app.py", line 1741, in handle_exception
    reraise(exc_type, exc_value, tb)
  File "/usr/lib/python2.7/site-packages/flask/app.py", line 2292, in wsgi_app
    response = self.full_dispatch_request()
  File "/usr/lib/python2.7/site-packages/flask/app.py", line 1815, in full_dispatch_request
    rv = self.handle_user_exception(e)
  File "/usr/lib/python2.7/site-packages/flask/app.py", line 1718, in handle_user_exception
    reraise(exc_type, exc_value, tb)
  File "/usr/lib/python2.7/site-packages/flask/app.py", line 1813, in full_dispatch_request
    rv = self.dispatch_request()
  File "/usr/lib/python2.7/site-packages/flask/app.py", line 1799, in dispatch_request
    return self.view_functions[rule.endpoint](**req.view_args)
  File "/root/yangming/gtdgolangserver/src/github.com/gtdgolangserver/models/fees.py", line 425, in updatefees
    print(record)
UnicodeEncodeError: 'ascii' codec can't encode characters in position 0-2: ordinal not in range(128)
127.0.0.1 - - [18/Apr/2020 11:38:17] "[37mGET /finance/getfeesdetail HTTP/1.0[0m" 200 -
127.0.0.1 - - [18/Apr/2020 11:38:18] "[37mGET /finance/getfeesdetail HTTP/1.0[0m" 200 -
127.0.0.1 - - [18/Apr/2020 11:38:23] "[37mGET /finance/getfeesdetail HTTP/1.0[0m" 200 -
127.0.0.1 - - [18/Apr/2020 11:38:23] "[37mGET /finance/getfeesdetail HTTP/1.0[0m" 200 -
{}
['200301', '200302', '200303', '200304', '200305', '200306', '200307', '200308', '200309', '200310', '200311', '200312', '200313', '200314', '200315', '200316', '200317', '200318', '200319', '200320', '200321', '200322', '200323', '200324', '200325', '200326', '200327', '200328', '200329', '200330', '200331', '200401', '200402', '200403', '200404', '200405', '200406', '200407', '200408', '200409', '200410', '200411', '200412', '200413', '200414', '200415', '200416', '200417', '200418', '200419', '200420', '200421', '200422', '200423', '200424', '200425', '200426', '200427', '200428', '200429', '200430']
183
184
185
186
187
188
189
190
191
192
193
194
195
196
197
198
199
200
201
202
203
204
205
206
207
208
<Request 'http://127.0.0.1:6000/finance/updatefees' [POST]>
{u'date': u'200416', u'record': u'\u4e70\u62d6\u978b45\u5757\u94b1\u5305\u542b\u8fd0\u8d39\u4eac\u4e1c\u8d2d\u4e70', u'direction': u'buy', u'fee': u'45', u'id': 208}
{}
['200301', '200302', '200303', '200304', '200305', '200306', '200307', '200308', '200309', '200310', '200311', '200312', '200313', '200314', '200315', '200316', '200317', '200318', '200319', '200320', '200321', '200322', '200323', '200324', '200325', '200326', '200327', '200328', '200329', '200330', '200331', '200401', '200402', '200403', '200404', '200405', '200406', '200407', '200408', '200409', '200410', '200411', '200412', '200413', '200414', '200415', '200416', '200417', '200418', '200419', '200420', '200421', '200422', '200423', '200424', '200425', '200426', '200427', '200428', '200429', '200430']
183
184
185
186
187
188
189
190
191
192
193
194
195
196
197
198
199
200
201
202
203
204
205
206
207
208
{}
['200301', '200302', '200303', '200304', '200305', '200306', '200307', '200308', '200309', '200310', '200311', '200312', '200313', '200314', '200315', '200316', '200317', '200318', '200319', '200320', '200321', '200322', '200323', '200324', '200325', '200326', '200327', '200328', '200329', '200330', '200331', '200401', '200402', '200403', '200404', '200405', '200406', '200407', '200408', '200409', '200410', '200411', '200412', '200413', '200414', '200415', '200416', '200417', '200418', '200419', '200420', '200421', '200422', '200423', '200424', '200425', '200426', '200427', '200428', '200429', '200430']
183
184
185
186
187
188
189
190
191
192
193
194
195
196
197
198
199
200
201
202
203
204
205
206
207
208
{}
['200301', '200302', '200303', '200304', '200305', '200306', '200307', '200308', '200309', '200310', '200311', '200312', '200313', '200314', '200315', '200316', '200317', '200318', '200319', '200320', '200321', '200322', '200323', '200324', '200325', '200326', '200327', '200328', '200329', '200330', '200331', '200401', '200402', '200403', '200404', '200405', '200406', '200407', '200408', '200409', '200410', '200411', '200412', '200413', '200414', '200415', '200416', '200417', '200418', '200419', '200420', '200421', '200422', '200423', '200424', '200425', '200426', '200427', '200428', '200429', '200430']
183
184
185
186
187
188
189
190
191
192
193
194
195
196
197
198
199
200
201
202
203
204
205
206
207
208
{}
['200301', '200302', '200303', '200304', '200305', '200306', '200307', '200308', '200309', '200310', '200311', '200312', '200313', '200314', '200315', '200316', '200317', '200318', '200319', '200320', '200321', '200322', '200323', '200324', '200325', '200326', '200327', '200328', '200329', '200330', '200331', '200401', '200402', '200403', '200404', '200405', '200406', '200407', '200408', '200409', '200410', '200411', '200412', '200413', '200414', '200415', '200416', '200417', '200418', '200419', '200420', '200421', '200422', '200423', '200424', '200425', '200426', '200427', '200428', '200429', '200430']
183
184
185
186
187
188
189
190
191
192
193
194
195
196
197
198
199
200
201
202
203
204
205
206
207
208
Content-Length: 66
User-Agent: gtdv1.0/1.1 (com.dreamforfuture.dreamforfuture; build:1.1; iOS 13.2.3) Alamofire/4.7.3
Connection: close
Email: yang756260386@gmail.com
Client: iosnotsiri
Host: 127.0.0.1:6000
Accept: */*
Accept-Language: en-CN;q=1.0, zh-Hans-CN;q=0.9
Conten127.0.0.1 - - [18/Apr/2020 11:38:32] "[1m[35mPOST /finance/uploadfees HTTP/1.0[0m" 500 -
Traceback (most recent call last):
  File "/usr/lib/python2.7/site-packages/flask/app.py", line 2309, in __call__
    return self.wsgi_app(environ, start_response)
  File "/usr/lib/python2.7/site-packages/flask/app.py", line 2295, in wsgi_app
    response = self.handle_exception(e)
  File "/usr/lib/python2.7/site-packages/flask/app.py", line 1741, in handle_exception
    reraise(exc_type, exc_value, tb)
  File "/usr/lib/python2.7/site-packages/flask/app.py", line 2292, in wsgi_app
    response = self.full_dispatch_request()
  File "/usr/lib/python2.7/site-packages/flask/app.py", line 1815, in full_dispatch_request
    rv = self.handle_user_exception(e)
  File "/usr/lib/python2.7/site-packages/flask/app.py", line 1718, in handle_user_exception
    reraise(exc_type, exc_value, tb)
  File "/usr/lib/python2.7/site-packages/flask/app.py", line 1813, in full_dispatch_request
    rv = self.dispatch_request()
  File "/usr/lib/python2.7/site-packages/flask/app.py", line 1799, in dispatch_request
    return self.view_functions[rule.endpoint](**req.view_args)
  File "/root/yangming/gtdgolangserver/src/github.com/gtdgolangserver/models/fees.py", line 392, in createfees
    print(str(record))
UnicodeEncodeError: 'ascii' codec can't encode characters in position 0-2: ordinal not in range(128)
127.0.0.1 - - [18/Apr/2020 11:38:33] "[37mGET /finance/getfeesdetail HTTP/1.0[0m" 200 -
127.0.0.1 - - [18/Apr/2020 11:38:35] "[37mGET /finance/getfeesdetail HTTP/1.0[0m" 200 -
127.0.0.1 - - [18/Apr/2020 11:38:47] "[1m[35mPOST /finance/uploadfees HTTP/1.0[0m" 500 -
Traceback (most recent call last):
  File "/usr/lib/python2.7/site-packages/flask/app.py", line 2309, in __call__
    return self.wsgi_app(environ, start_response)
  File "/usr/lib/python2.7/site-packages/flask/app.py", line 2295, in wsgi_app
    response = self.handle_exception(e)
  File "/usr/lib/python2.7/site-packages/flask/app.py", line 1741, in handle_exception
    reraise(exc_type, exc_value, tb)
  File "/usr/lib/python2.7/site-packages/flask/app.py", line 2292, in wsgi_app
    response = self.full_dispatch_request()
  File "/usr/lib/python2.7/site-packages/flask/app.py", line 1815, in full_dispatch_request
    rv = self.handle_user_exception(e)
  File "/usr/lib/python2.7/site-packages/flask/app.py", line 1718, in handle_user_exception
    reraise(exc_type, exc_value, tb)
  File "/usr/lib/python2.7/site-packages/flask/app.py", line 1813, in full_dispatch_request
    rv = self.dispatch_request()
  File "/usr/lib/python2.7/site-packages/flask/app.py", line 1799, in dispatch_request
    return self.view_functions[rule.endpoint](**req.view_args)
  File "/root/yangming/gtdgolangserver/src/github.com/gtdgolangserver/models/fees.py", line 392, in createfees
    print(str(record))
UnicodeEncodeError: 'ascii' codec can't encode characters in position 0-2: ordinal not in range(128)
127.0.0.1 - - [18/Apr/2020 11:38:49] "[37mGET /finance/getfeesdetail HTTP/1.0[0m" 200 -
127.0.0.1 - - [18/Apr/2020 11:38:51] "[37mGET /finance/getfeesdetail HTTP/1.0[0m" 200 -
t-Type: application/json
Accept-Encoding: gzip;q=1.0, compress;q=0.5


{}
['200301', '200302', '200303', '200304', '200305', '200306', '200307', '200308', '200309', '200310', '200311', '200312', '200313', '200314', '200315', '200316', '200317', '200318', '200319', '200320', '200321', '200322', '200323', '200324', '200325', '200326', '200327', '200328', '200329', '200330', '200331', '200401', '200402', '200403', '200404', '200405', '200406', '200407', '200408', '200409', '200410', '200411', '200412', '200413', '200414', '200415', '200416', '200417', '200418', '200419', '200420', '200421', '200422', '200423', '200424', '200425', '200426', '200427', '200428', '200429', '200430']
183
184
185
186
187
188
189
190
191
192
193
194
195
196
197
198
199
200
201
202
203
204
205
206
207
208
{}
['200301', '200302', '200303', '200304', '200305', '200306', '200307', '200308', '200309', '200310', '200311', '200312', '200313', '200314', '200315', '200316', '200317', '200318', '200319', '200320', '200321', '200322', '200323', '200324', '200325', '200326', '200327', '200328', '200329', '200330', '200331', '200401', '200402', '200403', '200404', '200405', '200406', '200407', '200408', '200409', '200410', '200411', '200412', '200413', '200414', '200415', '200416', '200417', '200418', '200419', '200420', '200421', '200422', '200423', '200424', '200425', '200426', '200427', '200428', '200429', '200430']
183
184
185
186
187
188
189
190
191
192
193
194
195
196
197
198
199
200
201
202
203
204
205
206
207
208
Content-Length: 66
User-Agent: gtdv1.0/1.1 (com.dreamforfuture.dreamforfuture; build:1.1; iOS 13.2.3) Alamofire/4.7.3
Connection: close
Email: yang756260386@gmail.com
Client: iosnotsiri
Host: 127.0.0.1:6000
Accept: */*
Accept-Language: en-CN;q=1.0, zh-Hans-CN;q=0.9
Content-Type: application/json
Accept-Encoding: gzip;q=1.0, compress;q=0.5


{}
['200301', '200302', '200303', '200304', '200305', '200306', '200307', '200308', '200309', '200310', '200311', '200312', '200313', '200314', '200315', '200316', '200317', '200318', '200319', '200320', '200321', '200322', '200323', '200324', '200325', '200326', '200327', '200328', '200329', '200330', '200331', '200401', '200402', '200403', '200404', '200405', '200406', '200407', '200408', '200409', '200410', '200411', '200412', '200413', '200414', '200415', '200416', '200417', '200418', '200419', '200420', '200421', '200422', '200423', '200424', '200425', '200426', '200427', '200428', '200429', '200430']
183
184
185
186
187
188
189
190
191
192
193
194
195
196
197
198
199
200
201
202
203
204
205
206
207
208
{}
['200301', '200302', '200303', '200304', '200305', '200306', '200307', '200308', '200309', '200310', '200311', '200312', '200313', '200314', '200315', '200316', '200317', '200318', '200319', '200320', '200321', '200322', '200323', '200324', '200325', '200326', '200327', '200328', '200329', '200330', '200331', '200401', '200402', '200403', '200404', '200405', '200406', '200407', '200408', '200409', '200410', '200411', '200412', '200413', '200414', '200415', '200416', '200417', '200418', '200419', '200420', '200421', '200422', '200423', '200424', '200425', '200426', '200427', '200428', '200429', '200430']
183
184
185
186
187
188
189
190
191
192
193
194
195
196
197
198
199
200
201
202
203
204
205
206
207
208
 * Serving Flask app "fees" (lazy loading)
 * Environment: production
   WARNING: Do not use the development server in a production environment.
   Use a production WSGI server instead.
 * Debug mode: on
 * Running on http://0.0.0.0:6000/ (Press CTRL+C to quit)
 * Restarting with stat
 * Debugger is active!
 * Debugger PIN: 845-133-885
127.0.0.1 - - [18/Apr/2020 13:27:12] "[37mGET /finance/getfeesdetail HTTP/1.0[0m" 200 -
127.0.0.1 - - [18/Apr/2020 13:27:13] "[37mGET /finance/getfeesdetail HTTP/1.0[0m" 200 -
127.0.0.1 - - [18/Apr/2020 13:28:21] "[37mPOST /finance/uploadfees HTTP/1.0[0m" 200 -
127.0.0.1 - - [18/Apr/2020 13:28:21] "[37mGET /finance/getfeesdetail HTTP/1.0[0m" 200 -
 * Serving Flask app "fees" (lazy loading)
 * Environment: production
   WARNING: Do not use the development server in a production environment.
   Use a production WSGI server instead.
 * Debug mode: on
 * Running on http://0.0.0.0:6000/ (Press CTRL+C to quit)
 * Restarting with stat
 * Debugger is active!
 * Debugger PIN: 845-133-885
127.0.0.1 - - [18/Apr/2020 13:30:05] "[1m[35mPOST /finance/updatefees HTTP/1.0[0m" 500 -
Traceback (most recent call last):
  File "/usr/lib/python2.7/site-packages/flask/app.py", line 2309, in __call__
    return self.wsgi_app(environ, start_response)
  File "/usr/lib/python2.7/site-packages/flask/app.py", line 2295, in wsgi_app
    response = self.handle_exception(e)
  File "/usr/lib/python2.7/site-packages/flask/app.py", line 1741, in handle_exception
    reraise(exc_type, exc_value, tb)
  File "/usr/lib/python2.7/site-packages/flask/app.py", line 2292, in wsgi_app
    response = self.full_dispatch_request()
  File "/usr/lib/python2.7/site-packages/flask/app.py", line 1815, in full_dispatch_request
    rv = self.handle_user_exception(e)
  File "/usr/lib/python2.7/site-packages/flask/app.py", line 1718, in handle_user_exception
    reraise(exc_type, exc_value, tb)
  File "/usr/lib/python2.7/site-packages/flask/app.py", line 1813, in full_dispatch_request
    rv = self.dispatch_request()
  File "/usr/lib/python2.7/site-packages/flask/app.py", line 1799, in dispatch_request
    return self.view_functions[rule.endpoint](**req.view_args)
  File "/root/yangming/gtdgolangserver/src/github.com/gtdgolangserver/models/fees.py", line 425, in updatefees
    print(record)
UnicodeEncodeError: 'ascii' codec can't encode characters in position 0-1: ordinal not in range(128)
127.0.0.1 - - [18/Apr/2020 13:30:06] "[37mGET /finance/getfeesdetail HTTP/1.0[0m" 200 -
127.0.0.1 - - [18/Apr/2020 13:30:22] "[1m[35mPOST /finance/updatefees HTTP/1.0[0m" 500 -
Traceback (most recent call last):
  File "/usr/lib/python2.7/site-packages/flask/app.py", line 2309, in __call__
    return self.wsgi_app(environ, start_response)
  File "/usr/lib/python2.7/site-packages/flask/app.py", line 2295, in wsgi_app
    response = self.handle_exception(e)
  File "/usr/lib/python2.7/site-packages/flask/app.py", line 1741, in handle_exception
    reraise(exc_type, exc_value, tb)
  File "/usr/lib/python2.7/site-packages/flask/app.py", line 2292, in wsgi_app
    response = self.full_dispatch_request()
  File "/usr/lib/python2.7/site-packages/flask/app.py", line 1815, in full_dispatch_request
    rv = self.handle_user_exception(e)
  File "/usr/lib/python2.7/site-packages/flask/app.py", line 1718, in handle_user_exception
    reraise(exc_type, exc_value, tb)
  File "/usr/lib/python2.7/site-packages/flask/app.py", line 1813, in full_dispatch_request
    rv = self.dispatch_request()
  File "/usr/lib/python2.7/site-packages/flask/app.py", line 1799, in dispatch_request
    return self.view_functions[rule.endpoint](**req.view_args)
  File "/root/yangming/gtdgolangserver/src/github.com/gtdgolangserver/models/fees.py", line 425, in updatefees
    print(record)
UnicodeEncodeError: 'ascii' codec can't encode characters in position 0-1: ordinal not in range(128)
127.0.0.1 - - [18/Apr/2020 13:30:24] "[37mGET /finance/getfeesdetail HTTP/1.0[0m" 200 -
127.0.0.1 - - [18/Apr/2020 13:30:25] "[37mGET /finance/getfeesdetail HTTP/1.0[0m" 200 -
127.0.0.1 - - [18/Apr/2020 13:30:51] "[37mGET /finance/getfeesdetail HTTP/1.0[0m" 200 -
127.0.0.1 - - [18/Apr/2020 13:32:09] "[37mGET /finance/getfeesdetail HTTP/1.0[0m" 200 -
<Request 'http://127.0.0.1:6000/finance/updatefees' [POST]>
{u'date': u'200418', u'record': u'\u8d2d\u4e70pdf15\u5757\u94b1', u'direction': u'buy', u'fee': u'0', u'id': 210}
{}
['200301', '200302', '200303', '200304', '200305', '200306', '200307', '200308', '200309', '200310', '200311', '200312', '200313', '200314', '200315', '200316', '200317', '200318', '200319', '200320', '200321', '200322', '200323', '200324', '200325', '200326', '200327', '200328', '200329', '200330', '200331', '200401', '200402', '200403', '200404', '200405', '200406', '200407', '200408', '200409', '200410', '200411', '200412', '200413', '200414', '200415', '200416', '200417', '200418', '200419', '200420', '200421', '200422', '200423', '200424', '200425', '200426', '200427', '200428', '200429', '200430']
183
184
185
186
187
188
189
190
191
192
193
194
195
196
197
198
199
200
201
202
203
204
205
206
207
208
209
210
<Request 'http://127.0.0.1:6000/finance/updatefees' [POST]>
{u'date': u'200418', u'record': u'\u8d2d\u4e70pdf20\u5757\u94b1', u'direction': u'buy', u'fee': u'15', u'id': 210}
{}
['200301', '200302', '200303', '200304', '200305', '200306', '200307', '200308', '200309', '200310', '200311', '200312', '200313', '200314', '200315', '200316', '200317', '200318', '200319', '200320', '200321', '200322', '200323', '200324', '200325', '200326', '200327', '200328', '200329', '200330', '200331', '200401', '200402', '200403', '200404', '200405', '200406', '200407', '200408', '200409', '200410', '200411', '200412', '200413', '200414', '200415', '200416', '200417', '200418', '200419', '200420', '200421', '200422', '200423', '200424', '200425', '200426', '200427', '200428', '200429', '200430']
183
184
185
186
187
188
189
190
191
192
193
194
195
196
197
198
199
200
201
202
203
204
205
206
207
208
209
210
{}
['200301', '200302', '200303', '200304', '200305', '200306', '200307', '200308', '200309', '200310', '200311', '200312', '200313', '200314', '200315', '200316', '200317', '200318', '200319', '200320', '200321', '200322', '200323', '200324', '200325', '200326', '200327', '200328', '200329', '200330', '200331', '200401', '200402', '200403', '200404', '200405', '200406', '200407', '200408', '200409', '200410', '200411', '200412', '200413', '200414', '200415', '200416', '200417', '200418', '200419', '200420', '200421', '200422', '200423', '200424', '200425', '200426', '200427', '200428', '200429', '200430']
183
184
185
186
187
188
189
190
191
192
193
194
195
196
197
198
199
200
201
202
203
204
205
206
207
208
209
210
{}
['200301', '200302', '200303', '200304', '200305', '200306', '200307', '200308', '200309', '200310', '200311', '200312', '200313', '200314', '200315', '200316', '200317', '200318', '200319', '200320', '200321', '200322', '200323', '200324', '200325', '200326', '200327', '200328', '200329', '200330', '200331', '200401', '200402', '200403', '200404', '200405', '200406', '200407', '200408', '200409', '200410', '200411', '200412', '200413', '200414', '200415', '200416', '200417', '200418', '200419', '200420', '200421', '200422', '200423', '200424', '200425', '200426', '200427', '200428', '200429', '200430']
183
184
185
186
187
188
189
190
191
192
193
194
195
196
197
198
199
200
201
202
203
204
205
206
207
208
209
210
{}
['200301', '200302', '200303', '200304', '200305', '200306', '200307', '200308', '200309', '200310', '200311', '200312', '200313', '200314', '200315', '200316', '200317', '200318', '200319', '200320', '200321', '200322', '200323', '200324', '200325', '200326', '200327', '200328', '200329', '200330', '200331', '200401', '200402', '200403', '200404', '200405', '200406', '200407', '200408', '200409', '200410', '200411', '200412', '200413', '200414', '200415', '200416', '200417', '200418', '200419', '200420', '200421', '200422', '200423', '200424', '200425', '200426', '200427', '200428', '200429', '200430']
183
184
185
186
187
188
189
190
191
192
193
194
195
196
197
198
199
200
201
202
203
204
205
206
207
208
209
210
<Request 'http://127.0.0.1:6000/finance/updatefees' [POST]>
{u'date': u'200417', u'record': u'\u8d2d\u4e70pdf15\u5757127.0.0.1 - - [18/Apr/2020 13:32:23] "[1m[35mPOST /finance/updatefees HTTP/1.0[0m" 500 -
Traceback (most recent call last):
  File "/usr/lib/python2.7/site-packages/flask/app.py", line 2309, in __call__
    return self.wsgi_app(environ, start_response)
  File "/usr/lib/python2.7/site-packages/flask/app.py", line 2295, in wsgi_app
    response = self.handle_exception(e)
  File "/usr/lib/python2.7/site-packages/flask/app.py", line 1741, in handle_exception
    reraise(exc_type, exc_value, tb)
  File "/usr/lib/python2.7/site-packages/flask/app.py", line 2292, in wsgi_app
    response = self.full_dispatch_request()
  File "/usr/lib/python2.7/site-packages/flask/app.py", line 1815, in full_dispatch_request
    rv = self.handle_user_exception(e)
  File "/usr/lib/python2.7/site-packages/flask/app.py", line 1718, in handle_user_exception
    reraise(exc_type, exc_value, tb)
  File "/usr/lib/python2.7/site-packages/flask/app.py", line 1813, in full_dispatch_request
    rv = self.dispatch_request()
  File "/usr/lib/python2.7/site-packages/flask/app.py", line 1799, in dispatch_request
    return self.view_functions[rule.endpoint](**req.view_args)
  File "/root/yangming/gtdgolangserver/src/github.com/gtdgolangserver/models/fees.py", line 425, in updatefees
    print(record)
UnicodeEncodeError: 'ascii' codec can't encode characters in position 0-1: ordinal not in range(128)
127.0.0.1 - - [18/Apr/2020 13:32:24] "[37mGET /finance/getfeesdetail HTTP/1.0[0m" 200 -
127.0.0.1 - - [18/Apr/2020 13:32:26] "[37mGET /finance/getfeesdetail HTTP/1.0[0m" 200 -
\u94b1', u'direction': u'buy', u'fee': u'15', u'id': 210}
{}
['200301', '200302', '200303', '200304', '200305', '200306', '200307', '200308', '200309', '200310', '200311', '200312', '200313', '200314', '200315', '200316', '200317', '200318', '200319', '200320', '200321', '200322', '200323', '200324', '200325', '200326', '200327', '200328', '200329', '200330', '200331', '200401', '200402', '200403', '200404', '200405', '200406', '200407', '200408', '200409', '200410', '200411', '200412', '200413', '200414', '200415', '200416', '200417', '200418', '200419', '200420', '200421', '200422', '200423', '200424', '200425', '200426', '200427', '200428', '200429', '200430']
183
184
185
186
187
188
189
190
191
192
193
194
195
196
197
198
199
200
201
202
203
204
205
206
207
208
209
210
{}
['200301', '200302', '200303', '200304', '200305', '200306', '200307', '200308', '200309', '200310', '200311', '200312', '200313', '200314', '200315', '200316', '200317', '200318', '200319', '200320', '200321', '200322', '200323', '200324', '200325', '200326', '200327', '200328', '200329', '200330', '200331', '200401', '200402', '200403', '200404', '200405', '200406', '200407', '200408', '200409', '200410', '200411', '200412', '200413', '200414', '200415', '200416', '200417', '200418', '200419', '200420', '200421', '200422', '200423', '200424', '200425', '200426', '200427', '200428', '200429', '200430']
183
184
185
186
187
188
189
190
191
192
193
194
195
196
197
198
199
200
201
202
203
204
205
206
207
208
209
210
------yangming is here--------
['200413', '200414', '200415', '200416', '200417', '200418']
['200101', '200102', '200103', '200104', '200105', '200106', '200107', '200108', '200109', '200110', '200111', '200112', '200113', '200114', '200115', '200116', '200117', '200118', '200119', '200120', '200121', '200122', '200123', '200124', '200125', '200126', '200127', '200128', '200129', '200130', '200131', '200201', '200202', '200203', '200204', '200205', '200206', '200207', '200208', '200209', '200210', '200211', '200212', '200213', '200214', '200215', '200216', '200217', '200218', '200219', '200220', '200221', '200222', '200223', '200224', '200225', '200226', '200227', '200228', '200229', '200301', '200302', '200303', '200304', '200305', '200306', '200307', '200308', '200309', '200310', '200311', '200312', '200313', '200314', '200315', '200316', '200317', '200318', '200319', '200320', '200321', '200322', '200323', '200324', '200325', '200326', '200327', '200328', '200329', '200330', '200331', '200401', '200402', '200403', '200404', '200405', '200406', '200407', '200408', '200409', '200410', '200411', '200412', '200413', '200414', '200415', '200416', '200417', '200418', '200419', '200420', '200421', '200422', '200423', '200424', '200425', '200426', '200427', '200428', '200429', '200430', '200501', '200502', '200503', '200504', '200505', '200506', '200507', '200508', '200509', '200510', '200511', '200512', '200513', '200514', '200515', '200516', '200517', '200518', '200519', '200520', '200521', '200522', '200523', '200524', '200525', '200526', '200527', '200528', '200529', '200530', '200531', '200601', '200602', '200603', '200604', '200605', '200606', '200607', '200608', '200609', '200610', '200611', '200612', '200613', '200614', '200615', '200616', '200617', '200618', '200619', '200620', '200621', '200622', '200623', '200624', '200625', '200626', '200627', '200628', '200629', '200630', '200701', '200702', '200703', '200704', '200705', '200706', '200707', '200708', '200709', '200710', '200711', '200712', '200713', '200714', '200715', '200716', '200717', '200718', '200719', '200720', '200721', '200722', '200723', '200724', '200725', '200726', '200727', '200728', '200729', '200730', '200731', '200801', '200802', '200803', '200804', '200805', '200806', '200807', '200808', '200809', '200810', '200811', '200812', '200813', '200814', '200815', '200816', '200817', '200818', '200819', '200820', '200821', '200822', '200823', '200824', '200825', '200826', '200827', '200828', '200829', '200830', '200831', '200901', '200902', '200903', '200904', '200905', '20127.0.0.1 - - [18/Apr/2020 16:46:01] "[37mGET /finance/getrewardleft HTTP/1.0[0m" 200 -
